<?xml version="1.0" encoding="UTF-8"?>
<testng-results ignored="0" total="1" passed="1" failed="0" skipped="0">
  <reporter-output>
  </reporter-output>
  <suite started-at="2025-03-15T19:57:34 IST" name="Default Suite" finished-at="2025-03-15T19:57:52 IST" duration-ms="17695">
    <groups>
    </groups>
    <test started-at="2025-03-15T19:57:34 IST" name="SM" finished-at="2025-03-15T19:57:52 IST" duration-ms="17695">
      <class name="qa.GoogleTest">
        <test-method signature="verifyGoogleTitleTest()[pri:0, instance:qa.GoogleTest@a9cd3b1]" started-at="2025-03-15T19:57:34 IST" name="verifyGoogleTitleTest" finished-at="2025-03-15T19:57:52 IST" duration-ms="17645" status="PASS">
          <reporter-output>
          </reporter-output>
        </test-method> <!-- verifyGoogleTitleTest -->
      </class> <!-- qa.GoogleTest -->
    </test> <!-- SM -->
  </suite> <!-- Default Suite -->
</testng-results>
